Build started 3/6/2018 7:51:59 AM.
     1>Project "C:\Users\son.thanh\Documents\Visual Studio 2013\Projects\ABC\ABC\ABC.vcxproj" on node 2 (Build target(s)).
     1>ClCompile:
         C:\Program Files (x86)\Microsoft Visual Studio 12.0\VC\bin\x86_amd64\CL.exe /c /IC:\2.4.11\opencv\build\include /Zi /nologo /W3 /WX- /sdl /Od /D _MBCS /Gm /EHsc /RTC1 /MDd /GS /fp:precise /Zc:wchar_t /Zc:forScope /Fo"x64\Debug\\" /Fd"x64\Debug\vc120.pdb" /Gd /TP /errorReport:prompt main.cpp
         main.cpp
     1>main.cpp(18): warning C4101: 'c1' : unreferenced local variable
     1>main.cpp(18): warning C4101: 'c2' : unreferenced local variable
     1>main.cpp(196): warning C4244: 'argument' : conversion from 'double' to 'float', possible loss of data
     1>main.cpp(197): warning C4244: 'argument' : conversion from 'double' to 'float', possible loss of data
     1>main.cpp(198): warning C4244: 'argument' : conversion from 'double' to 'float', possible loss of data
     1>main.cpp(199): warning C4244: 'argument' : conversion from 'double' to 'float', possible loss of data
     1>main.cpp(212): warning C4244: 'argument' : conversion from 'int' to 'float', possible loss of data
     1>main.cpp(213): warning C4244: 'argument' : conversion from 'int' to 'float', possible loss of data
     1>main.cpp(214): warning C4244: 'argument' : conversion from 'int' to 'float', possible loss of data
     1>main.cpp(215): warning C4244: 'argument' : conversion from 'int' to 'float', possible loss of data
     1>main.cpp(292): warning C4267: 'argument' : conversion from 'size_t' to 'int', possible loss of data
       Link:
         C:\Program Files (x86)\Microsoft Visual Studio 12.0\VC\bin\x86_amd64\link.exe /ERRORREPORT:PROMPT /OUT:"C:\Users\son.thanh\Documents\Visual Studio 2013\Projects\ABC\x64\Debug\ABC.exe" /INCREMENTAL /NOLOGO /LIBPATH:C:\2.4.11\opencv\build\x64\vc12\lib /LIBPATH:C:\2.4.11\opencv\build\x64\vc12\staticlib opencv_calib3d2411d.lib opencv_core2411d.lib opencv_features2d2411d.lib opencv_flann2411d.lib opencv_highgui2411d.lib opencv_imgproc2411d.lib opencv_ml2411d.lib opencv_objdetect2411d.lib opencv_photo2411d.lib opencv_stitching2411d.lib opencv_superres2411d.lib opencv_ts2411d.lib opencv_video2411d.lib opencv_videostab2411d.lib kernel32.lib user32.lib gdi32.lib winspool.lib comdlg32.lib advapi32.lib shell32.lib ole32.lib oleaut32.lib uuid.lib odbc32.lib odbccp32.lib /MANIFEST /MANIFESTUAC:"level='asInvoker' uiAccess='false'" /manifest:embed /DEBUG /PDB:"C:\Users\son.thanh\Documents\Visual Studio 2013\Projects\ABC\x64\Debug\ABC.pdb" /TLBID:1 /DYNAMICBASE /NXCOMPAT /IMPLIB:"C:\Users\son.thanh\Documents\Visual Studio 2013\Projects\ABC\x64\Debug\ABC.lib" /MACHINE:X64 x64\Debug\main.obj
         ABC.vcxproj -> C:\Users\son.thanh\Documents\Visual Studio 2013\Projects\ABC\x64\Debug\ABC.exe
     1>Done Building Project "C:\Users\son.thanh\Documents\Visual Studio 2013\Projects\ABC\ABC\ABC.vcxproj" (Build target(s)).

Build succeeded.

Time Elapsed 00:00:01.47
