E:\HOCKY\171\THIGIACMAY\XICONGCONG\VS2012\ZEROCODE\CONSOLEAPPLICATION1\DEBUG\SOURCE.OBJ
E:\HOCKY\171\THIGIACMAY\XICONGCONG\VS2012\ZEROCODE\CONSOLEAPPLICATION1\DEBUG\VC110.PDB
E:\HOCKY\171\THIGIACMAY\XICONGCONG\VS2012\ZEROCODE\DEBUG\CONSOLEAPPLICATION1.ILK
E:\HOCKY\171\THIGIACMAY\XICONGCONG\VS2012\ZEROCODE\DEBUG\CONSOLEAPPLICATION1.EXE
E:\HOCKY\171\THIGIACMAY\XICONGCONG\VS2012\ZEROCODE\DEBUG\CONSOLEAPPLICATION1.PDB
E:\HocKy\171\ThiGiacMay\XiCongCong\VS2012\ZeroCode\ConsoleApplication1\Debug\Source.obj
E:\HocKy\171\ThiGiacMay\XiCongCong\VS2012\ZeroCode\ConsoleApplication1\Debug\cl.command.1.tlog
E:\HocKy\171\ThiGiacMay\XiCongCong\VS2012\ZeroCode\ConsoleApplication1\Debug\CL.read.1.tlog
E:\HocKy\171\ThiGiacMay\XiCongCong\VS2012\ZeroCode\ConsoleApplication1\Debug\CL.write.1.tlog
E:\HocKy\171\ThiGiacMay\XiCongCong\VS2012\ZeroCode\ConsoleApplication1\Debug\link-cvtres.read.1.tlog
E:\HocKy\171\ThiGiacMay\XiCongCong\VS2012\ZeroCode\ConsoleApplication1\Debug\link-cvtres.write.1.tlog
E:\HocKy\171\ThiGiacMay\XiCongCong\VS2012\ZeroCode\ConsoleApplication1\Debug\link-rc.read.1.tlog
E:\HocKy\171\ThiGiacMay\XiCongCong\VS2012\ZeroCode\ConsoleApplication1\Debug\link-rc.write.1.tlog
E:\HocKy\171\ThiGiacMay\XiCongCong\VS2012\ZeroCode\ConsoleApplication1\Debug\link.10464-cvtres.read.1.tlog
E:\HocKy\171\ThiGiacMay\XiCongCong\VS2012\ZeroCode\ConsoleApplication1\Debug\link.10464-cvtres.write.1.tlog
E:\HocKy\171\ThiGiacMay\XiCongCong\VS2012\ZeroCode\ConsoleApplication1\Debug\link.10464-rc.read.1.tlog
E:\HocKy\171\ThiGiacMay\XiCongCong\VS2012\ZeroCode\ConsoleApplication1\Debug\link.10464-rc.write.1.tlog
E:\HocKy\171\ThiGiacMay\XiCongCong\VS2012\ZeroCode\ConsoleApplication1\Debug\link.10464.read.1.tlog
E:\HocKy\171\ThiGiacMay\XiCongCong\VS2012\ZeroCode\ConsoleApplication1\Debug\link.10464.write.1.tlog
E:\HocKy\171\ThiGiacMay\XiCongCong\VS2012\ZeroCode\ConsoleApplication1\Debug\link.11088-cvtres.read.1.tlog
E:\HocKy\171\ThiGiacMay\XiCongCong\VS2012\ZeroCode\ConsoleApplication1\Debug\link.11088-cvtres.write.1.tlog
E:\HocKy\171\ThiGiacMay\XiCongCong\VS2012\ZeroCode\ConsoleApplication1\Debug\link.11088-rc.read.1.tlog
E:\HocKy\171\ThiGiacMay\XiCongCong\VS2012\ZeroCode\ConsoleApplication1\Debug\link.11088-rc.write.1.tlog
E:\HocKy\171\ThiGiacMay\XiCongCong\VS2012\ZeroCode\ConsoleApplication1\Debug\link.11088.read.1.tlog
E:\HocKy\171\ThiGiacMay\XiCongCong\VS2012\ZeroCode\ConsoleApplication1\Debug\link.11088.write.1.tlog
E:\HocKy\171\ThiGiacMay\XiCongCong\VS2012\ZeroCode\ConsoleApplication1\Debug\link.11576-cvtres.read.1.tlog
E:\HocKy\171\ThiGiacMay\XiCongCong\VS2012\ZeroCode\ConsoleApplication1\Debug\link.11576-cvtres.write.1.tlog
E:\HocKy\171\ThiGiacMay\XiCongCong\VS2012\ZeroCode\ConsoleApplication1\Debug\link.11576-rc.read.1.tlog
E:\HocKy\171\ThiGiacMay\XiCongCong\VS2012\ZeroCode\ConsoleApplication1\Debug\link.11576-rc.write.1.tlog
E:\HocKy\171\ThiGiacMay\XiCongCong\VS2012\ZeroCode\ConsoleApplication1\Debug\link.11576.read.1.tlog
E:\HocKy\171\ThiGiacMay\XiCongCong\VS2012\ZeroCode\ConsoleApplication1\Debug\link.11576.write.1.tlog
E:\HocKy\171\ThiGiacMay\XiCongCong\VS2012\ZeroCode\ConsoleApplication1\Debug\link.12668-cvtres.read.1.tlog
E:\HocKy\171\ThiGiacMay\XiCongCong\VS2012\ZeroCode\ConsoleApplication1\Debug\link.12668-cvtres.write.1.tlog
E:\HocKy\171\ThiGiacMay\XiCongCong\VS2012\ZeroCode\ConsoleApplication1\Debug\link.12668-rc.read.1.tlog
E:\HocKy\171\ThiGiacMay\XiCongCong\VS2012\ZeroCode\ConsoleApplication1\Debug\link.12668-rc.write.1.tlog
E:\HocKy\171\ThiGiacMay\XiCongCong\VS2012\ZeroCode\ConsoleApplication1\Debug\link.12668.read.1.tlog
E:\HocKy\171\ThiGiacMay\XiCongCong\VS2012\ZeroCode\ConsoleApplication1\Debug\link.12668.write.1.tlog
E:\HocKy\171\ThiGiacMay\XiCongCong\VS2012\ZeroCode\ConsoleApplication1\Debug\link.12960-cvtres.read.1.tlog
E:\HocKy\171\ThiGiacMay\XiCongCong\VS2012\ZeroCode\ConsoleApplication1\Debug\link.12960-cvtres.write.1.tlog
E:\HocKy\171\ThiGiacMay\XiCongCong\VS2012\ZeroCode\ConsoleApplication1\Debug\link.12960-rc.read.1.tlog
E:\HocKy\171\ThiGiacMay\XiCongCong\VS2012\ZeroCode\ConsoleApplication1\Debug\link.12960-rc.write.1.tlog
E:\HocKy\171\ThiGiacMay\XiCongCong\VS2012\ZeroCode\ConsoleApplication1\Debug\link.12960.read.1.tlog
E:\HocKy\171\ThiGiacMay\XiCongCong\VS2012\ZeroCode\ConsoleApplication1\Debug\link.12960.write.1.tlog
E:\HocKy\171\ThiGiacMay\XiCongCong\VS2012\ZeroCode\ConsoleApplication1\Debug\link.1312-cvtres.read.1.tlog
E:\HocKy\171\ThiGiacMay\XiCongCong\VS2012\ZeroCode\ConsoleApplication1\Debug\link.1312-cvtres.write.1.tlog
E:\HocKy\171\ThiGiacMay\XiCongCong\VS2012\ZeroCode\ConsoleApplication1\Debug\link.1312-rc.read.1.tlog
E:\HocKy\171\ThiGiacMay\XiCongCong\VS2012\ZeroCode\ConsoleApplication1\Debug\link.1312-rc.write.1.tlog
E:\HocKy\171\ThiGiacMay\XiCongCong\VS2012\ZeroCode\ConsoleApplication1\Debug\link.1312.read.1.tlog
E:\HocKy\171\ThiGiacMay\XiCongCong\VS2012\ZeroCode\ConsoleApplication1\Debug\link.1312.write.1.tlog
E:\HocKy\171\ThiGiacMay\XiCongCong\VS2012\ZeroCode\ConsoleApplication1\Debug\link.14240-cvtres.read.1.tlog
E:\HocKy\171\ThiGiacMay\XiCongCong\VS2012\ZeroCode\ConsoleApplication1\Debug\link.14240-cvtres.write.1.tlog
E:\HocKy\171\ThiGiacMay\XiCongCong\VS2012\ZeroCode\ConsoleApplication1\Debug\link.14240-rc.read.1.tlog
E:\HocKy\171\ThiGiacMay\XiCongCong\VS2012\ZeroCode\ConsoleApplication1\Debug\link.14240-rc.write.1.tlog
E:\HocKy\171\ThiGiacMay\XiCongCong\VS2012\ZeroCode\ConsoleApplication1\Debug\link.14240.read.1.tlog
E:\HocKy\171\ThiGiacMay\XiCongCong\VS2012\ZeroCode\ConsoleApplication1\Debug\link.14240.write.1.tlog
E:\HocKy\171\ThiGiacMay\XiCongCong\VS2012\ZeroCode\ConsoleApplication1\Debug\link.2560-cvtres.read.1.tlog
E:\HocKy\171\ThiGiacMay\XiCongCong\VS2012\ZeroCode\ConsoleApplication1\Debug\link.2560-cvtres.write.1.tlog
E:\HocKy\171\ThiGiacMay\XiCongCong\VS2012\ZeroCode\ConsoleApplication1\Debug\link.2560-rc.read.1.tlog
E:\HocKy\171\ThiGiacMay\XiCongCong\VS2012\ZeroCode\ConsoleApplication1\Debug\link.2560-rc.write.1.tlog
E:\HocKy\171\ThiGiacMay\XiCongCong\VS2012\ZeroCode\ConsoleApplication1\Debug\link.2560.read.1.tlog
E:\HocKy\171\ThiGiacMay\XiCongCong\VS2012\ZeroCode\ConsoleApplication1\Debug\link.2560.write.1.tlog
E:\HocKy\171\ThiGiacMay\XiCongCong\VS2012\ZeroCode\ConsoleApplication1\Debug\link.3092-cvtres.read.1.tlog
E:\HocKy\171\ThiGiacMay\XiCongCong\VS2012\ZeroCode\ConsoleApplication1\Debug\link.3092-cvtres.write.1.tlog
E:\HocKy\171\ThiGiacMay\XiCongCong\VS2012\ZeroCode\ConsoleApplication1\Debug\link.3092-rc.read.1.tlog
E:\HocKy\171\ThiGiacMay\XiCongCong\VS2012\ZeroCode\ConsoleApplication1\Debug\link.3092-rc.write.1.tlog
E:\HocKy\171\ThiGiacMay\XiCongCong\VS2012\ZeroCode\ConsoleApplication1\Debug\link.3092.read.1.tlog
E:\HocKy\171\ThiGiacMay\XiCongCong\VS2012\ZeroCode\ConsoleApplication1\Debug\link.3092.write.1.tlog
E:\HocKy\171\ThiGiacMay\XiCongCong\VS2012\ZeroCode\ConsoleApplication1\Debug\link.6476-cvtres.read.1.tlog
E:\HocKy\171\ThiGiacMay\XiCongCong\VS2012\ZeroCode\ConsoleApplication1\Debug\link.6476-cvtres.write.1.tlog
E:\HocKy\171\ThiGiacMay\XiCongCong\VS2012\ZeroCode\ConsoleApplication1\Debug\link.6476-rc.read.1.tlog
E:\HocKy\171\ThiGiacMay\XiCongCong\VS2012\ZeroCode\ConsoleApplication1\Debug\link.6476-rc.write.1.tlog
E:\HocKy\171\ThiGiacMay\XiCongCong\VS2012\ZeroCode\ConsoleApplication1\Debug\link.6476.read.1.tlog
E:\HocKy\171\ThiGiacMay\XiCongCong\VS2012\ZeroCode\ConsoleApplication1\Debug\link.6476.write.1.tlog
E:\HocKy\171\ThiGiacMay\XiCongCong\VS2012\ZeroCode\ConsoleApplication1\Debug\link.7216-cvtres.read.1.tlog
E:\HocKy\171\ThiGiacMay\XiCongCong\VS2012\ZeroCode\ConsoleApplication1\Debug\link.7216-cvtres.write.1.tlog
E:\HocKy\171\ThiGiacMay\XiCongCong\VS2012\ZeroCode\ConsoleApplication1\Debug\link.7216-rc.read.1.tlog
E:\HocKy\171\ThiGiacMay\XiCongCong\VS2012\ZeroCode\ConsoleApplication1\Debug\link.7216-rc.write.1.tlog
E:\HocKy\171\ThiGiacMay\XiCongCong\VS2012\ZeroCode\ConsoleApplication1\Debug\link.7216.read.1.tlog
E:\HocKy\171\ThiGiacMay\XiCongCong\VS2012\ZeroCode\ConsoleApplication1\Debug\link.7216.write.1.tlog
E:\HocKy\171\ThiGiacMay\XiCongCong\VS2012\ZeroCode\ConsoleApplication1\Debug\link.7264-cvtres.read.1.tlog
E:\HocKy\171\ThiGiacMay\XiCongCong\VS2012\ZeroCode\ConsoleApplication1\Debug\link.7264-cvtres.write.1.tlog
E:\HocKy\171\ThiGiacMay\XiCongCong\VS2012\ZeroCode\ConsoleApplication1\Debug\link.7264-rc.read.1.tlog
E:\HocKy\171\ThiGiacMay\XiCongCong\VS2012\ZeroCode\ConsoleApplication1\Debug\link.7264-rc.write.1.tlog
E:\HocKy\171\ThiGiacMay\XiCongCong\VS2012\ZeroCode\ConsoleApplication1\Debug\link.7264.read.1.tlog
E:\HocKy\171\ThiGiacMay\XiCongCong\VS2012\ZeroCode\ConsoleApplication1\Debug\link.7264.write.1.tlog
E:\HocKy\171\ThiGiacMay\XiCongCong\VS2012\ZeroCode\ConsoleApplication1\Debug\link.7576-cvtres.read.1.tlog
E:\HocKy\171\ThiGiacMay\XiCongCong\VS2012\ZeroCode\ConsoleApplication1\Debug\link.7576-cvtres.write.1.tlog
E:\HocKy\171\ThiGiacMay\XiCongCong\VS2012\ZeroCode\ConsoleApplication1\Debug\link.7576-rc.read.1.tlog
E:\HocKy\171\ThiGiacMay\XiCongCong\VS2012\ZeroCode\ConsoleApplication1\Debug\link.7576-rc.write.1.tlog
E:\HocKy\171\ThiGiacMay\XiCongCong\VS2012\ZeroCode\ConsoleApplication1\Debug\link.7576.read.1.tlog
E:\HocKy\171\ThiGiacMay\XiCongCong\VS2012\ZeroCode\ConsoleApplication1\Debug\link.7576.write.1.tlog
E:\HocKy\171\ThiGiacMay\XiCongCong\VS2012\ZeroCode\ConsoleApplication1\Debug\link.9764-cvtres.read.1.tlog
E:\HocKy\171\ThiGiacMay\XiCongCong\VS2012\ZeroCode\ConsoleApplication1\Debug\link.9764-cvtres.write.1.tlog
E:\HocKy\171\ThiGiacMay\XiCongCong\VS2012\ZeroCode\ConsoleApplication1\Debug\link.9764-rc.read.1.tlog
E:\HocKy\171\ThiGiacMay\XiCongCong\VS2012\ZeroCode\ConsoleApplication1\Debug\link.9764-rc.write.1.tlog
E:\HocKy\171\ThiGiacMay\XiCongCong\VS2012\ZeroCode\ConsoleApplication1\Debug\link.9764.read.1.tlog
E:\HocKy\171\ThiGiacMay\XiCongCong\VS2012\ZeroCode\ConsoleApplication1\Debug\link.9764.write.1.tlog
E:\HocKy\171\ThiGiacMay\XiCongCong\VS2012\ZeroCode\ConsoleApplication1\Debug\link.command.1.tlog
E:\HocKy\171\ThiGiacMay\XiCongCong\VS2012\ZeroCode\ConsoleApplication1\Debug\link.read.1.tlog
E:\HocKy\171\ThiGiacMay\XiCongCong\VS2012\ZeroCode\ConsoleApplication1\Debug\link.write.1.tlog
E:\HocKy\171\ThiGiacMay\XiCongCong\VS2012\ZeroCode\ConsoleApplication1\Debug\vc110.idb
E:\HocKy\171\ThiGiacMay\XiCongCong\VS2012\ZeroCode\ConsoleApplication1\Debug\vc110.pdb
E:\HocKy\171\ThiGiacMay\XiCongCong\VS2012\ZeroCode\Debug\ConsoleApplication1.pdb
E:\HocKy\171\ThiGiacMay\XiCongCong\VS2012\ZeroCode\Debug\ConsoleApplication1.exe
E:\HocKy\171\ThiGiacMay\XiCongCong\VS2012\ZeroCode\Debug\ConsoleApplication1.ilk
